[2023-09-12 10:02:55] [DEBUG] HTTP GET: https://www.githubstatus.com/api/v2/incidents/unresolved.json
[2023-09-12 10:02:57] [DEBUG] RESPONSE (OK): {"page":{"id":"kctbh9vrtdwd","name":"GitHub","url":"https://www.githubstatus.com","time_zone":"Etc/UTC","updated_at":"2023-09-11T08:04:43.937Z"},"incidents":[]}
[2023-09-12 10:02:57] [DEBUG] HTTP GET: https://raw.githubusercontent.com/github/gh-gei/main/LATEST-VERSION.txt
[2023-09-12 10:02:58] [DEBUG] RESPONSE (OK): v1.1.0

[2023-09-12 10:02:58] [WARNING] You are running an older version of the gei CLI [v1.0.0.0]. The latest version is v1.1.0.
[2023-09-12 10:02:58] [WARNING] Please update by running: gh extension upgrade gei
[2023-09-12 10:02:58] [INFO] GITHUB SOURCE ORG: rc
[2023-09-12 10:02:58] [INFO] SOURCE REPO: Artemis-software-list
[2023-09-12 10:02:58] [INFO] GITHUB TARGET ORG: furo-migrations-emu
[2023-09-12 10:02:58] [INFO] TARGET REPO: Artemis-software-list
[2023-09-12 10:02:58] [INFO] GHES API URL: https://github.sydney.edu.au/api/v3
[2023-09-12 10:02:58] [INFO] TARGET REPO VISIBILITY: internal
[2023-09-12 10:02:58] [INFO] VERBOSE: true
[2023-09-12 10:02:58] [INFO] Migrating Repo...
[2023-09-12 10:02:58] [INFO] Using GitHub Enterprise Server - verifying server version
[2023-09-12 10:02:58] [DEBUG] HTTP GET: https://github.sydney.edu.au/api/v3/meta
[2023-09-12 10:02:58] [DEBUG] GITHUB REQUEST ID: 23044b5e-bf06-4286-859b-b74e7193b735
[2023-09-12 10:02:58] [DEBUG] RESPONSE (OK): {"verifiable_password_authentication":true,"installed_version":"3.7.9"}
[2023-09-12 10:02:58] [INFO] GitHub Enterprise Server version 3.7.9 detected
[2023-09-12 10:02:59] [ERROR] OctoshiftCLI.OctoshiftCliException: Either Azure storage connection (--azure-storage-connection-string or AZURE_STORAGE_CONNECTION_STRING env. variable) or AWS S3 connection (--aws-bucket-name, --aws-access-key (or AWS_ACCESS_KEY_ID env. variable), --aws-secret-key (or AWS_SECRET_ACCESS_KEY env.variable)) must be provided.
   at OctoshiftCLI.GithubEnterpriseImporter.Commands.MigrateRepo.MigrateRepoCommandHandler.ValidateGHESOptions(MigrateRepoCommandArgs args, Boolean cloudCredentialsRequired)
   at OctoshiftCLI.GithubEnterpriseImporter.Commands.MigrateRepo.MigrateRepoCommandHandler.Handle(MigrateRepoCommandArgs args)
   at OctoshiftCLI.Extensions.CommandExtensions.RunHandler[TArgs,THandler](TArgs args, ServiceProvider sp, CommandBase`2 command)
   at OctoshiftCLI.Extensions.CommandExtensions.<>c__DisplayClass1_0`3.<<ConfigureCommand>b__0>d.MoveNext()
--- End of stack trace from previous location ---
   at System.CommandLine.Invocation.AnonymousCommandHandler.InvokeAsync(InvocationContext )
   at System.CommandLine.Invocation.InvocationPipeline.<>c__DisplayClass4_0.<<BuildInvocationChain>b__0>d.MoveNext()
--- End of stack trace from previous location ---
   at System.CommandLine.Builder.CommandLineBuilderExtensions.<>c__DisplayClass17_0.<<UseParseErrorReporting>b__0>d.MoveNext()
--- End of stack trace from previous location ---
   at System.CommandLine.Builder.CommandLineBuilderExtensions.<>c__DisplayClass12_0.<<UseHelp>b__0>d.MoveNext()
--- End of stack trace from previous location ---
   at System.CommandLine.Builder.CommandLineBuilderExtensions.<>c__DisplayClass22_0.<<UseVersionOption>b__0>d.MoveNext()
--- End of stack trace from previous location ---
   at System.CommandLine.Builder.CommandLineBuilderExtensions.<>c__DisplayClass19_0.<<UseTypoCorrections>b__0>d.MoveNext()
--- End of stack trace from previous location ---
   at System.CommandLine.Builder.CommandLineBuilderExtensions.<>c.<<UseSuggestDirective>b__18_0>d.MoveNext()
--- End of stack trace from previous location ---
   at System.CommandLine.Builder.CommandLineBuilderExtensions.<>c__DisplayClass16_0.<<UseParseDirective>b__0>d.MoveNext()
--- End of stack trace from previous location ---
   at System.CommandLine.Builder.CommandLineBuilderExtensions.<>c.<<RegisterWithDotnetSuggest>b__5_0>d.MoveNext()
--- End of stack trace from previous location ---
   at System.CommandLine.Builder.CommandLineBuilderExtensions.<>c__DisplayClass8_0.<<UseExceptionHandler>b__0>d.MoveNext()
